{"total": {"lines":{"total":14391,"covered":1932,"skipped":0,"pct":13.42},"statements":{"total":14391,"covered":1932,"skipped":0,"pct":13.42},"functions":{"total":300,"covered":119,"skipped":0,"pct":39.66},"branches":{"total":547,"covered":359,"skipped":0,"pct":65.63},"branchesTrue":{"total":0,"covered":0,"skipped":0,"pct":100}}
,"C:\\Users\\Administrator\\Documents\\code\\temp\\src\\app\\App.vue": {"lines":{"total":10,"covered":0,"skipped":0,"pct":0},"functions":{"total":1,"covered":0,"skipped":0,"pct":0},"statements":{"total":10,"covered":0,"skipped":0,"pct":0},"branches":{"total":1,"covered":0,"skipped":0,"pct":0}}
,"C:\\Users\\Administrator\\Documents\\code\\temp\\src\\app\\adapters\\store-adapter.ts": {"lines":{"total":9,"covered":0,"skipped":0,"pct":0},"functions":{"total":1,"covered":0,"skipped":0,"pct":0},"statements":{"total":9,"covered":0,"skipped":0,"pct":0},"branches":{"total":1,"covered":0,"skipped":0,"pct":0}}
,"C:\\Users\\Administrator\\Documents\\code\\temp\\src\\core\\ai\\ai-power.ts": {"lines":{"total":77,"covered":50,"skipped":0,"pct":64.93},"functions":{"total":7,"covered":5,"skipped":0,"pct":71.42},"statements":{"total":77,"covered":50,"skipped":0,"pct":64.93},"branches":{"total":8,"covered":8,"skipped":0,"pct":100}}
,"C:\\Users\\Administrator\\Documents\\code\\temp\\src\\core\\ai\\direct-ai-client.ts": {"lines":{"total":312,"covered":0,"skipped":0,"pct":0},"functions":{"total":1,"covered":0,"skipped":0,"pct":0},"statements":{"total":312,"covered":0,"skipped":0,"pct":0},"branches":{"total":1,"covered":0,"skipped":0,"pct":0}}
,"C:\\Users\\Administrator\\Documents\\code\\temp\\src\\core\\auth\\auth-session.ts": {"lines":{"total":92,"covered":0,"skipped":0,"pct":0},"functions":{"total":1,"covered":1,"skipped":0,"pct":100},"statements":{"total":92,"covered":0,"skipped":0,"pct":0},"branches":{"total":1,"covered":1,"skipped":0,"pct":100}}
,"C:\\Users\\Administrator\\Documents\\code\\temp\\src\\core\\auth\\auth.ts": {"lines":{"total":262,"covered":12,"skipped":0,"pct":4.58},"functions":{"total":7,"covered":0,"skipped":0,"pct":0},"statements":{"total":262,"covered":12,"skipped":0,"pct":4.58},"branches":{"total":0,"covered":0,"skipped":0,"pct":100}}
,"C:\\Users\\Administrator\\Documents\\code\\temp\\src\\core\\engine\\push-engine.ts": {"lines":{"total":553,"covered":73,"skipped":0,"pct":13.2},"functions":{"total":30,"covered":7,"skipped":0,"pct":23.33},"statements":{"total":553,"covered":73,"skipped":0,"pct":13.2},"branches":{"total":10,"covered":9,"skipped":0,"pct":90}}
,"C:\\Users\\Administrator\\Documents\\code\\temp\\src\\core\\http\\request-throttle.ts": {"lines":{"total":64,"covered":48,"skipped":0,"pct":75},"functions":{"total":7,"covered":4,"skipped":0,"pct":57.14},"statements":{"total":64,"covered":48,"skipped":0,"pct":75},"branches":{"total":13,"covered":5,"skipped":0,"pct":38.46}}
,"C:\\Users\\Administrator\\Documents\\code\\temp\\src\\core\\http\\request.ts": {"lines":{"total":135,"covered":0,"skipped":0,"pct":0},"functions":{"total":1,"covered":0,"skipped":0,"pct":0},"statements":{"total":135,"covered":0,"skipped":0,"pct":0},"branches":{"total":1,"covered":0,"skipped":0,"pct":0}}
,"C:\\Users\\Administrator\\Documents\\code\\temp\\src\\core\\platform\\boss-dom-adapter.ts": {"lines":{"total":80,"covered":0,"skipped":0,"pct":0},"functions":{"total":1,"covered":0,"skipped":0,"pct":0},"statements":{"total":80,"covered":0,"skipped":0,"pct":0},"branches":{"total":1,"covered":0,"skipped":0,"pct":0}}
,"C:\\Users\\Administrator\\Documents\\code\\temp\\src\\core\\platform\\boss-platform.ts": {"lines":{"total":1651,"covered":237,"skipped":0,"pct":14.35},"functions":{"total":79,"covered":13,"skipped":0,"pct":16.45},"statements":{"total":1651,"covered":237,"skipped":0,"pct":14.35},"branches":{"total":67,"covered":36,"skipped":0,"pct":53.73}}
,"C:\\Users\\Administrator\\Documents\\code\\temp\\src\\core\\platform\\platform-factory.ts": {"lines":{"total":22,"covered":0,"skipped":0,"pct":0},"functions":{"total":1,"covered":0,"skipped":0,"pct":0},"statements":{"total":22,"covered":0,"skipped":0,"pct":0},"branches":{"total":1,"covered":0,"skipped":0,"pct":0}}
,"C:\\Users\\Administrator\\Documents\\code\\temp\\src\\core\\protocol\\message.ts": {"lines":{"total":157,"covered":0,"skipped":0,"pct":0},"functions":{"total":1,"covered":0,"skipped":0,"pct":0},"statements":{"total":157,"covered":0,"skipped":0,"pct":0},"branches":{"total":1,"covered":0,"skipped":0,"pct":0}}
,"C:\\Users\\Administrator\\Documents\\code\\temp\\src\\core\\protocol\\types.ts": {"lines":{"total":0,"covered":0,"skipped":0,"pct":100},"functions":{"total":1,"covered":1,"skipped":0,"pct":100},"statements":{"total":0,"covered":0,"skipped":0,"pct":100},"branches":{"total":1,"covered":1,"skipped":0,"pct":100}}
,"C:\\Users\\Administrator\\Documents\\code\\temp\\src\\core\\runtime\\runtime-contracts.ts": {"lines":{"total":0,"covered":0,"skipped":0,"pct":100},"functions":{"total":1,"covered":1,"skipped":0,"pct":100},"statements":{"total":0,"covered":0,"skipped":0,"pct":100},"branches":{"total":1,"covered":1,"skipped":0,"pct":100}}
,"C:\\Users\\Administrator\\Documents\\code\\temp\\src\\features\\account\\components\\Account.vue": {"lines":{"total":1098,"covered":0,"skipped":0,"pct":0},"functions":{"total":1,"covered":0,"skipped":0,"pct":0},"statements":{"total":1098,"covered":0,"skipped":0,"pct":0},"branches":{"total":1,"covered":0,"skipped":0,"pct":0}}
,"C:\\Users\\Administrator\\Documents\\code\\temp\\src\\features\\ai-config\\components\\AiConfig.vue": {"lines":{"total":1144,"covered":0,"skipped":0,"pct":0},"functions":{"total":1,"covered":0,"skipped":0,"pct":0},"statements":{"total":1144,"covered":0,"skipped":0,"pct":0},"branches":{"total":1,"covered":0,"skipped":0,"pct":0}}
,"C:\\Users\\Administrator\\Documents\\code\\temp\\src\\features\\ai-config\\components\\ApiKeyManager.vue": {"lines":{"total":496,"covered":0,"skipped":0,"pct":0},"functions":{"total":1,"covered":0,"skipped":0,"pct":0},"statements":{"total":496,"covered":0,"skipped":0,"pct":0},"branches":{"total":1,"covered":0,"skipped":0,"pct":0}}
,"C:\\Users\\Administrator\\Documents\\code\\temp\\src\\features\\ai-config\\components\\DebugConsole.vue": {"lines":{"total":244,"covered":0,"skipped":0,"pct":0},"functions":{"total":1,"covered":0,"skipped":0,"pct":0},"statements":{"total":244,"covered":0,"skipped":0,"pct":0},"branches":{"total":1,"covered":0,"skipped":0,"pct":0}}
,"C:\\Users\\Administrator\\Documents\\code\\temp\\src\\features\\ai-config\\components\\PromptPresetManager.vue": {"lines":{"total":273,"covered":0,"skipped":0,"pct":0},"functions":{"total":1,"covered":0,"skipped":0,"pct":0},"statements":{"total":273,"covered":0,"skipped":0,"pct":0},"branches":{"total":1,"covered":0,"skipped":0,"pct":0}}
,"C:\\Users\\Administrator\\Documents\\code\\temp\\src\\features\\ai-delivery-judge\\components\\AiDeliveryJudge.vue": {"lines":{"total":38,"covered":0,"skipped":0,"pct":0},"functions":{"total":1,"covered":0,"skipped":0,"pct":0},"statements":{"total":38,"covered":0,"skipped":0,"pct":0},"branches":{"total":1,"covered":0,"skipped":0,"pct":0}}
,"C:\\Users\\Administrator\\Documents\\code\\temp\\src\\features\\ai-delivery-judge\\components\\AiDeliveryJudgeSettingsPanel.vue": {"lines":{"total":574,"covered":0,"skipped":0,"pct":0},"functions":{"total":1,"covered":0,"skipped":0,"pct":0},"statements":{"total":574,"covered":0,"skipped":0,"pct":0},"branches":{"total":1,"covered":0,"skipped":0,"pct":0}}
,"C:\\Users\\Administrator\\Documents\\code\\temp\\src\\features\\conversation-cleaner\\components\\ConversationCleaner.vue": {"lines":{"total":230,"covered":0,"skipped":0,"pct":0},"functions":{"total":1,"covered":0,"skipped":0,"pct":0},"statements":{"total":230,"covered":0,"skipped":0,"pct":0},"branches":{"total":1,"covered":0,"skipped":0,"pct":0}}
,"C:\\Users\\Administrator\\Documents\\code\\temp\\src\\features\\conversation-cleaner\\services\\conversation-cleaner.ts": {"lines":{"total":437,"covered":277,"skipped":0,"pct":63.38},"functions":{"total":12,"covered":9,"skipped":0,"pct":75},"statements":{"total":437,"covered":277,"skipped":0,"pct":63.38},"branches":{"total":88,"covered":44,"skipped":0,"pct":50}}
,"C:\\Users\\Administrator\\Documents\\code\\temp\\src\\features\\job-assistant\\components\\AiJob.vue": {"lines":{"total":1033,"covered":0,"skipped":0,"pct":0},"functions":{"total":1,"covered":0,"skipped":0,"pct":0},"statements":{"total":1033,"covered":0,"skipped":0,"pct":0},"branches":{"total":1,"covered":0,"skipped":0,"pct":0}}
,"C:\\Users\\Administrator\\Documents\\code\\temp\\src\\features\\memory-session\\components\\MemorySession.vue": {"lines":{"total":563,"covered":0,"skipped":0,"pct":0},"functions":{"total":1,"covered":0,"skipped":0,"pct":0},"statements":{"total":563,"covered":0,"skipped":0,"pct":0},"branches":{"total":1,"covered":0,"skipped":0,"pct":0}}
,"C:\\Users\\Administrator\\Documents\\code\\temp\\src\\features\\panel\\components\\Panel.vue": {"lines":{"total":1040,"covered":0,"skipped":0,"pct":0},"functions":{"total":1,"covered":0,"skipped":0,"pct":0},"statements":{"total":1040,"covered":0,"skipped":0,"pct":0},"branches":{"total":1,"covered":0,"skipped":0,"pct":0}}
,"C:\\Users\\Administrator\\Documents\\code\\temp\\src\\features\\preference\\components\\Preference.vue": {"lines":{"total":576,"covered":0,"skipped":0,"pct":0},"functions":{"total":1,"covered":0,"skipped":0,"pct":0},"statements":{"total":576,"covered":0,"skipped":0,"pct":0},"branches":{"total":1,"covered":0,"skipped":0,"pct":0}}
,"C:\\Users\\Administrator\\Documents\\code\\temp\\src\\features\\run-record\\components\\RunRecord.vue": {"lines":{"total":492,"covered":0,"skipped":0,"pct":0},"functions":{"total":1,"covered":0,"skipped":0,"pct":0},"statements":{"total":492,"covered":0,"skipped":0,"pct":0},"branches":{"total":1,"covered":0,"skipped":0,"pct":0}}
,"C:\\Users\\Administrator\\Documents\\code\\temp\\src\\shared\\errors\\index.ts": {"lines":{"total":45,"covered":21,"skipped":0,"pct":46.66},"functions":{"total":7,"covered":3,"skipped":0,"pct":42.85},"statements":{"total":45,"covered":21,"skipped":0,"pct":46.66},"branches":{"total":3,"covered":3,"skipped":0,"pct":100}}
,"C:\\Users\\Administrator\\Documents\\code\\temp\\src\\shared\\selectors\\boss-selectors.ts": {"lines":{"total":74,"covered":0,"skipped":0,"pct":0},"functions":{"total":1,"covered":1,"skipped":0,"pct":100},"statements":{"total":74,"covered":0,"skipped":0,"pct":0},"branches":{"total":1,"covered":1,"skipped":0,"pct":100}}
,"C:\\Users\\Administrator\\Documents\\code\\temp\\src\\shared\\types\\axios-request-config.d.ts": {"lines":{"total":1,"covered":0,"skipped":0,"pct":0},"functions":{"total":1,"covered":0,"skipped":0,"pct":0},"statements":{"total":1,"covered":0,"skipped":0,"pct":0},"branches":{"total":1,"covered":0,"skipped":0,"pct":0}}
,"C:\\Users\\Administrator\\Documents\\code\\temp\\src\\shared\\types\\event-source-polyfill.d.ts": {"lines":{"total":0,"covered":0,"skipped":0,"pct":100},"functions":{"total":1,"covered":1,"skipped":0,"pct":100},"statements":{"total":0,"covered":0,"skipped":0,"pct":100},"branches":{"total":1,"covered":1,"skipped":0,"pct":100}}
,"C:\\Users\\Administrator\\Documents\\code\\temp\\src\\shared\\utils\\ai-delivery.ts": {"lines":{"total":824,"covered":763,"skipped":0,"pct":92.59},"functions":{"total":41,"covered":41,"skipped":0,"pct":100},"statements":{"total":824,"covered":763,"skipped":0,"pct":92.59},"branches":{"total":236,"covered":198,"skipped":0,"pct":83.89}}
,"C:\\Users\\Administrator\\Documents\\code\\temp\\src\\shared\\utils\\fetch.ts": {"lines":{"total":40,"covered":3,"skipped":0,"pct":7.5},"functions":{"total":1,"covered":0,"skipped":0,"pct":0},"statements":{"total":40,"covered":3,"skipped":0,"pct":7.5},"branches":{"total":1,"covered":0,"skipped":0,"pct":0}}
,"C:\\Users\\Administrator\\Documents\\code\\temp\\src\\shared\\utils\\logger.ts": {"lines":{"total":66,"covered":56,"skipped":0,"pct":84.84},"functions":{"total":11,"covered":9,"skipped":0,"pct":81.81},"statements":{"total":66,"covered":56,"skipped":0,"pct":84.84},"branches":{"total":12,"covered":11,"skipped":0,"pct":91.66}}
,"C:\\Users\\Administrator\\Documents\\code\\temp\\src\\shared\\utils\\preference.ts": {"lines":{"total":76,"covered":76,"skipped":0,"pct":100},"functions":{"total":3,"covered":3,"skipped":0,"pct":100},"statements":{"total":76,"covered":76,"skipped":0,"pct":100},"branches":{"total":19,"covered":19,"skipped":0,"pct":100}}
,"C:\\Users\\Administrator\\Documents\\code\\temp\\src\\shared\\utils\\resume.ts": {"lines":{"total":168,"covered":0,"skipped":0,"pct":0},"functions":{"total":1,"covered":1,"skipped":0,"pct":100},"statements":{"total":168,"covered":0,"skipped":0,"pct":0},"branches":{"total":1,"covered":1,"skipped":0,"pct":100}}
,"C:\\Users\\Administrator\\Documents\\code\\temp\\src\\shared\\utils\\scroll.ts": {"lines":{"total":71,"covered":0,"skipped":0,"pct":0},"functions":{"total":1,"covered":1,"skipped":0,"pct":100},"statements":{"total":71,"covered":0,"skipped":0,"pct":0},"branches":{"total":1,"covered":1,"skipped":0,"pct":100}}
,"C:\\Users\\Administrator\\Documents\\code\\temp\\src\\shared\\utils\\sensitive-data-consent.ts": {"lines":{"total":103,"covered":0,"skipped":0,"pct":0},"functions":{"total":1,"covered":1,"skipped":0,"pct":100},"statements":{"total":103,"covered":0,"skipped":0,"pct":0},"branches":{"total":1,"covered":1,"skipped":0,"pct":100}}
,"C:\\Users\\Administrator\\Documents\\code\\temp\\src\\shared\\utils\\tampermonkey.ts": {"lines":{"total":63,"covered":38,"skipped":0,"pct":60.31},"functions":{"total":7,"covered":3,"skipped":0,"pct":42.85},"statements":{"total":63,"covered":38,"skipped":0,"pct":60.31},"branches":{"total":9,"covered":3,"skipped":0,"pct":33.33}}
,"C:\\Users\\Administrator\\Documents\\code\\temp\\src\\shared\\utils\\tools.ts": {"lines":{"total":974,"covered":216,"skipped":0,"pct":22.17},"functions":{"total":48,"covered":8,"skipped":0,"pct":16.66},"statements":{"total":974,"covered":216,"skipped":0,"pct":22.17},"branches":{"total":43,"covered":8,"skipped":0,"pct":18.6}}
,"C:\\Users\\Administrator\\Documents\\code\\temp\\src\\state\\login.ts": {"lines":{"total":20,"covered":0,"skipped":0,"pct":0},"functions":{"total":1,"covered":0,"skipped":0,"pct":0},"statements":{"total":20,"covered":0,"skipped":0,"pct":0},"branches":{"total":1,"covered":0,"skipped":0,"pct":0}}
,"C:\\Users\\Administrator\\Documents\\code\\temp\\src\\state\\push-result.ts": {"lines":{"total":68,"covered":62,"skipped":0,"pct":91.17},"functions":{"total":8,"covered":5,"skipped":0,"pct":62.5},"statements":{"total":68,"covered":62,"skipped":0,"pct":91.17},"branches":{"total":6,"covered":6,"skipped":0,"pct":100}}
,"C:\\Users\\Administrator\\Documents\\code\\temp\\src\\state\\user.ts": {"lines":{"total":136,"covered":0,"skipped":0,"pct":0},"functions":{"total":1,"covered":0,"skipped":0,"pct":0},"statements":{"total":136,"covered":0,"skipped":0,"pct":0},"branches":{"total":1,"covered":0,"skipped":0,"pct":0}}
,"C:\\Users\\Administrator\\Documents\\code\\temp\\src\\types\\env.d.ts": {"lines":{"total":0,"covered":0,"skipped":0,"pct":100},"functions":{"total":1,"covered":1,"skipped":0,"pct":100},"statements":{"total":0,"covered":0,"skipped":0,"pct":100},"branches":{"total":1,"covered":1,"skipped":0,"pct":100}}
}
